<?xml version="1.0" encoding="UTF-8"?>
<!-- Generated by org.testng.reporters.JUnitXMLReporter -->
<testsuite ignored="0" hostname="DESKTOP-RALOVP7" failures="0" tests="13" name="LoginAndSearchTest_Chrome" time="79.731" errors="0" timestamp="2025-09-03T14:32:58 IST">
  <testcase classname="tests.LoginTest" name="invalidLoginTest" time="5.011"/>
  <testcase classname="tests.LoginTest" name="verifyLoginTest" time="4.296"/>
  <testcase classname="tests.LoginTest" name="validLoginTest" time="2.72"/>
  <testcase classname="tests.SearchTest" name="testSearchProduct" time="9.759"/>
  <testcase classname="tests.SearchTest" name="testApplyFilters" time="13.919"/>
  <testcase classname="tests.SearchTest" name="testSortLowToHigh" time="2.443"/>
  <testcase classname="tests.SearchTest" name="testBlankSearch" time="3.243"/>
  <testcase classname="tests.SearchTest" name="testViewProductDetails" time="12.451"/>
  <testcase classname="tests.CartTest" name="cartAddTest" time="4.817"/>
  <testcase classname="tests.CartTest" name="modifyQuantity" time="5.078"/>
  <testcase classname="tests.CartTest" name="deleteFromCart" time="1.274"/>
  <testcase classname="tests.CartTest" name="buyProducts" time="5.082"/>
  <testcase classname="tests.CartTest" name="placeOrder" time="0.094"/>
</testsuite> <!-- LoginAndSearchTest_Chrome -->
